========================= varmch3.out ==============================

********************************************************************************

   3h       sun sparcstation1   f77                      12:38:13   29/ 1/90

   hamiltonian h = ti + vij + uijk

   vij : reid soft-core v8

   esep(1s0)    esep(1p1)    esep(3s1)    esep(3pj)     eta(3d1)     eta(3fj)
       6.000        2.000       12.000        6.000        0.026       -0.010
   ac
       1.000        1.000        3.000        3.000        2.000        2.000
   aa
       0.400        0.400        0.400        0.400        0.400        0.400
   ar
       1.000        1.000        2.800        2.800        3.600        3.600
   alpha
       1.000        0.920        0.920        0.920        0.920        0.920
   gamma
      11.803     -116.429        0.591      -20.492        2.241       -0.468
   t1s          t1t          nt2s         nt2t         t3s          t3t
      12.000       12.000        4            4            0.100        0.100

   random number seed   9724109.

   random walk file wh3rv8   created

   wave function set-up time =   6.370 seconds

   random walk step size =  2.0000
   of  100 initial moves  45 were accepted

   initial move time =   0.710 seconds

   metropolis walk attempts  10 steps per sample

********************************************************************************

          local average for points     1 -     50

     ti + vij =   -6.30520 +/-  1.07921

        ti=  60.41988 +/- 10.83114       vij= -66.72508 +/- 10.52201
        v6= -66.63128 +/- 10.60094       vso=  -0.09380 +/-  0.30741
       vcf=   0.00000 +/-  0.00000

********************************************************************************

          total average after    50 points

     ti + vij =   -6.30520 +/-  1.07921

        ti=  60.41988 +/- 10.83114       vij= -66.72508 +/- 10.52201
        v6= -66.63128 +/- 10.60094       vso=  -0.09380 +/-  0.30741
       vcf=   0.00000 +/-  0.00000

          mok=     283          iwarn=       0       0       0

********************************************************************************

********************************************************************************

          local average for points    51 -    100

     ti + vij =   -5.92633 +/-  1.18151

        ti=  39.88599 +/- 37.01533       vij= -45.81232 +/- 37.99205
        v6= -49.29937 +/- 35.15256       vso=   3.48706 +/-  3.09601
       vcf=   0.00000 +/-  0.00000

********************************************************************************

          total average after   100 points

     ti + vij =   -6.11577 +/-  0.80032

        ti=  50.15293 +/- 19.31104       vij= -56.26870 +/- 19.73881
        v6= -57.96533 +/- 18.37856       vso=   1.69663 +/-  1.56589
       vcf=   0.00000 +/-  0.00000

          mok=     511          iwarn=       0       0       0

********************************************************************************

********************************************************************************

          local average for points   101 -    150

     ti + vij =   -8.50265 +/-  0.94032

        ti=  10.71340 +/- 36.70930       vij= -19.21605 +/- 35.86218
        v6= -24.86348 +/- 31.77945       vso=   5.64743 +/-  4.51151
       vcf=   0.00000 +/-  0.00000

********************************************************************************

          total average after   150 points

     ti + vij =   -6.91140 +/-  0.62559

        ti=  37.00642 +/- 17.82625       vij= -43.91782 +/- 17.83530
        v6= -46.93138 +/- 16.24681       vso=   3.01356 +/-  1.83696
       vcf=   0.00000 +/-  0.00000

          mok=     754          iwarn=       0       0       0

********************************************************************************

********************************************************************************

          local average for points   151 -    200

     ti + vij =   -5.47276 +/-  0.82505

        ti=  44.40173 +/-  8.77089       vij= -49.87449 +/-  8.77395
        v6= -51.30689 +/-  8.60920       vso=   1.43241 +/-  1.09670
       vcf=   0.00000 +/-  0.00000

********************************************************************************

          total average after   200 points

     ti + vij =   -6.55174 +/-  0.51442

        ti=  38.85525 +/- 13.55020       vij= -45.40698 +/- 13.55636
        v6= -48.02526 +/- 12.37446       vso=   2.61827 +/-  1.40557
       vcf=   0.00000 +/-  0.00000

          mok=    1016          iwarn=       0       0       0

********************************************************************************

********************************************************************************

          local average for points   201 -    250

     ti + vij =   -7.59322 +/-  0.55135

        ti=  51.15934 +/-  8.30412       vij= -58.75256 +/-  8.30113
        v6= -59.43715 +/-  8.24777       vso=   0.68459 +/-  1.12463
       vcf=   0.00000 +/-  0.00000

********************************************************************************

          total average after   250 points

     ti + vij =   -6.76003 +/-  0.42686

        ti=  41.31607 +/- 10.97107       vij= -48.07610 +/- 10.97662
        v6= -50.30764 +/- 10.04021       vso=   2.23154 +/-  1.14778
       vcf=   0.00000 +/-  0.00000

          mok=    1284          iwarn=       0       0       0

********************************************************************************
     r              rho p                  rho n

    0.05      0.0000 +/- 0.0000      0.0000 +/- 0.0000
    0.15      0.0140 +/- 0.0138      0.0269 +/- 0.0192
    0.25      0.0164 +/- 0.0091      0.0289 +/- 0.0120
    0.35      0.0055 +/- 0.0038      0.0100 +/- 0.0051
    0.45      0.0088 +/- 0.0037      0.0147 +/- 0.0048
    0.55      0.0062 +/- 0.0025      0.0106 +/- 0.0033
    0.65      0.0098 +/- 0.0027      0.0172 +/- 0.0036
    0.75      0.0079 +/- 0.0021      0.0141 +/- 0.0028
    0.85      0.0074 +/- 0.0018      0.0133 +/- 0.0024
    0.95      0.0051 +/- 0.0013      0.0093 +/- 0.0018
    1.05      0.0042 +/- 0.0011      0.0077 +/- 0.0015
    1.15      0.0047 +/- 0.0011      0.0087 +/- 0.0014
    1.25      0.0031 +/- 0.0008      0.0058 +/- 0.0011
    1.35      0.0026 +/- 0.0007      0.0049 +/- 0.0009
    1.45      0.0024 +/- 0.0006      0.0049 +/- 0.0009
    1.55      0.0016 +/- 0.0005      0.0034 +/- 0.0007
    1.65      0.0015 +/- 0.0004      0.0031 +/- 0.0006
    1.75      0.0009 +/- 0.0003      0.0020 +/- 0.0005
    1.85      0.0009 +/- 0.0003      0.0021 +/- 0.0004
    1.95      0.0005 +/- 0.0002      0.0010 +/- 0.0003
    2.05      0.0006 +/- 0.0002      0.0012 +/- 0.0003
    2.15      0.0004 +/- 0.0002      0.0009 +/- 0.0002
    2.25      0.0003 +/- 0.0001      0.0007 +/- 0.0002
    2.35      0.0002 +/- 0.0001      0.0005 +/- 0.0002
    2.45      0.0002 +/- 0.0001      0.0004 +/- 0.0002
    2.55      0.0002 +/- 0.0001      0.0004 +/- 0.0001
    2.65      0.0001 +/- 0.0001      0.0003 +/- 0.0001
    2.75      0.0000 +/- 0.0000      0.0001 +/- 0.0001
    2.85      0.0001 +/- 0.0001      0.0001 +/- 0.0001
    2.95      0.0001 +/- 0.0001      0.0002 +/- 0.0001
    3.05      0.0000 +/- 0.0000      0.0001 +/- 0.0000
    3.15      0.0000 +/- 0.0000      0.0000 +/- 0.0000
    3.25      0.0000 +/- 0.0000      0.0001 +/- 0.0001
    3.35      0.0000 +/- 0.0000      0.0000 +/- 0.0000
    3.45      0.0000 +/- 0.0000      0.0001 +/- 0.0001
    3.55      0.0000 +/- 0.0000      0.0000 +/- 0.0000
    3.65      0.0000 +/- 0.0000      0.0000 +/- 0.0000
    3.75      0.0000 +/- 0.0000      0.0000 +/- 0.0000
    3.85      0.0000 +/- 0.0000      0.0000 +/- 0.0000
    3.95      0.0000 +/- 0.0000      0.0000 +/- 0.0000
    4.05      0.0000 +/- 0.0000      0.0000 +/- 0.0000
    4.15      0.0000 +/- 0.0000      0.0000 +/- 0.0000
    4.25      0.0000 +/- 0.0000      0.0000 +/- 0.0000
    4.35      0.0000 +/- 0.0000      0.0000 +/- 0.0000
    4.45      0.0000 +/- 0.0000      0.0000 +/- 0.0000
    4.55      0.0000 +/- 0.0000      0.0000 +/- 0.0000
    4.65      0.0000 +/- 0.0000      0.0000 +/- 0.0000
    4.75      0.0000 +/- 0.0000      0.0000 +/- 0.0000
    4.85      0.0000 +/- 0.0000      0.0000 +/- 0.0000
    4.95      0.0000 +/- 0.0000      0.0000 +/- 0.0000
    5.05      0.0000 +/- 0.0000      0.0000 +/- 0.0000
    5.15      0.0000 +/- 0.0000      0.0000 +/- 0.0000
    5.25      0.0000 +/- 0.0000      0.0000 +/- 0.0000
    5.35      0.0000 +/- 0.0000      0.0000 +/- 0.0000
    5.45      0.0000 +/- 0.0000      0.0000 +/- 0.0000
    5.55      0.0000 +/- 0.0000      0.0000 +/- 0.0000
    5.65      0.0000 +/- 0.0000      0.0000 +/- 0.0000
    5.75      0.0000 +/- 0.0000      0.0000 +/- 0.0000
    5.85      0.0000 +/- 0.0000      0.0000 +/- 0.0000
    5.95      0.0000 +/- 0.0000      0.0000 +/- 0.0000
    6.05      0.0000 +/- 0.0000      0.0000 +/- 0.0000
    6.15      0.0000 +/- 0.0000      0.0000 +/- 0.0000
    6.25      0.0000 +/- 0.0000      0.0000 +/- 0.0000
    6.35      0.0000 +/- 0.0000      0.0000 +/- 0.0000
    6.45      0.0000 +/- 0.0000      0.0000 +/- 0.0000
    6.55      0.0000 +/- 0.0000      0.0000 +/- 0.0000
    6.65      0.0000 +/- 0.0000      0.0000 +/- 0.0000
    6.75      0.0000 +/- 0.0000      0.0000 +/- 0.0000
    6.85      0.0000 +/- 0.0000      0.0000 +/- 0.0000
    6.95      0.0000 +/- 0.0000      0.0000 +/- 0.0000
    7.05      0.0000 +/- 0.0000      0.0000 +/- 0.0000
    7.15      0.0000 +/- 0.0000      0.0000 +/- 0.0000
    7.25      0.0000 +/- 0.0000      0.0000 +/- 0.0000
    7.35      0.0000 +/- 0.0000      0.0000 +/- 0.0000
    7.45      0.0000 +/- 0.0000      0.0000 +/- 0.0000
    7.55      0.0000 +/- 0.0000      0.0000 +/- 0.0000
    7.65      0.0000 +/- 0.0000      0.0000 +/- 0.0000
    7.75      0.0000 +/- 0.0000      0.0000 +/- 0.0000
    7.85      0.0000 +/- 0.0000      0.0000 +/- 0.0000
    7.95      0.0000 +/- 0.0000      0.0000 +/- 0.0000
    8.05      0.0000 +/- 0.0000      0.0000 +/- 0.0000
    8.15      0.0000 +/- 0.0000      0.0000 +/- 0.0000
    8.25      0.0000 +/- 0.0000      0.0000 +/- 0.0000
    8.35      0.0000 +/- 0.0000      0.0000 +/- 0.0000
    8.45      0.0000 +/- 0.0000      0.0000 +/- 0.0000
    8.55      0.0000 +/- 0.0000      0.0000 +/- 0.0000
    8.65      0.0000 +/- 0.0000      0.0000 +/- 0.0000
    8.75      0.0000 +/- 0.0000      0.0000 +/- 0.0000
    8.85      0.0000 +/- 0.0000      0.0000 +/- 0.0000
    8.95      0.0000 +/- 0.0000      0.0000 +/- 0.0000
    9.05      0.0000 +/- 0.0000      0.0000 +/- 0.0000
    9.15      0.0000 +/- 0.0000      0.0000 +/- 0.0000
    9.25      0.0000 +/- 0.0000      0.0000 +/- 0.0000
    9.35      0.0000 +/- 0.0000      0.0000 +/- 0.0000
    9.45      0.0000 +/- 0.0000      0.0000 +/- 0.0000
    9.55      0.0000 +/- 0.0000      0.0000 +/- 0.0000
    9.65      0.0000 +/- 0.0000      0.0000 +/- 0.0000
    9.75      0.0000 +/- 0.0000      0.0000 +/- 0.0000
    9.85      0.0000 +/- 0.0000      0.0000 +/- 0.0000
    9.95      0.0000 +/- 0.0000      0.0000 +/- 0.0000

          rmspl=    1.5734 +/- 0.0169
          rmsmn=    1.6907 +/- 0.0193

   energy calculation time =  42.430 seconds

   total floating point operations =    45717425

   energy calculation speed =   1.077 mflops

   total job time =  49.510 seconds

