

                   **** T R E F *****

 Nuclear Matter Effective Interaction: The Reference Reaction Matrix with Reid's
 SHCP.

         Martin Fuchs  &  Philip J. Siemens
         Department of Physics
         Oregon State University
         Corvallis, OR 97331
         U.S.A

         June 15, 1991



PAUSE: To resume execution, type:   go
Any other input will terminate the program.
go
Execution resumed after PAUSE.


 POSITION SPACE MESH - At Changing Stepsizes, in Õfmþ.

	i     r(i)      old step  i+1   r(i+1)  new step

   0    0.0000    0.0000     1    0.0500    0.0500
 200   10.0000    0.0500  ----  --------  --------

 Physical Size:  501   Used points    :  201
 Minimum      :    0   Maximum        :  200
 Matching at  :  200   Matching Radius:  10.0000 fm
 Hard Core at :    1   Core Radius    :   0.0500 fm


 MOMENTUM SPACE MESH - At Changing Stepsizes, in Õ1/fmþ.

	i     p(i)      old step  i+1   p(i+1)  new step

   1    0.0700    0.0000     2    0.1400    0.0700
  40    2.8000    0.0700  ----  --------  --------

 Physical Size:   50   Used points    :   40
 Minimum      :    1   Maximum        :   40


 Healing Parameter GMASQ     :   1.4000 1/fmª2
 Effective Mass Parameter EFM:   1.0000


 FILENAMES for Angular Momentum Channels:

 Internal Number  Filename    j  l  s    (C = Crossterm for Coupled Channels)
           1          TRF000  0  0  0
           2          TRF011  0  1  1
           3          TRF110  1  1  0
           4          TRF111  1  1  1
           5          TRF220  2  2  0
           6          TRF221  2  2  1
           7          TRF211  2  1  1
           8          TRF231  2  3  1
           9          TRF21C  2  1  C
          10          TRF101  1  0  1
          11          TRF121  1  2  1
          12          TRF10C  1  0  C

 Physical Size:   12   Used points    :   12


 Now calculating...

 Current channels:    1 TRF000
                                 Hermiticity:  gsigma =   0.90435745E-08
 Current channels:    2 TRF011
                                 Hermiticity:  gsigma =   0.18325066E-12
 Current channels:    3 TRF110
                                 Hermiticity:  gsigma =   0.31986748E-12
 Current channels:    4 TRF111
                                 Hermiticity:  gsigma =   0.11995695E-11
 Current channels:    5 TRF220
                                 Hermiticity:  gsigma =   0.20796337E-13
 Current channels:    6 TRF221
                                 Hermiticity:  gsigma =   0.10728764E-13
 Current channels:    7 TRF211   8 TRF231   9 TRF21C
                            Hermiticity:  gsigma(211) =   0.20010061E-13
                            Hermiticity:  gsigma(231) =   0.13682104E-12
                            Hermiticity:  gsigma(21C) =   0.11190464E-10
 Current channels:   10 TRF101  11 TRF121  12 TRF10C
                            Hermiticity:  gsigma(101) =   0.44326251E-08
                            Hermiticity:  gsigma(121) =   0.78482439E-11
                            Hermiticity:  gsigma(10C) =   0.12933938E-09
